
=== Sun Jun  4 01:12:10 2023

Packages were changed.
Update Mode: updateDependencies

The following packages were updated:
  com.unity.collab-proxy from version 1.15.16 to 2.0.1
  com.unity.ide.rider from version 3.0.14 to 3.0.18
  com.unity.ide.visualstudio from version 2.0.15 to 2.0.17

=== Thu Jun  8 02:30:38 2023

Packages were changed.
Update Mode: mergeDefaultDependencies

The following packages were added:
  com.unity.postprocessing@3.2.2

=== Sat Jun 10 23:59:57 2023

Packages were changed.
Update Mode: updateDependencies

The following packages were added:
  com.unity.ai.navigation@1.1.3
The following packages were updated:
  com.unity.collab-proxy from version 2.0.1 to 2.0.4
  com.unity.ide.rider from version 3.0.18 to 3.0.21
  com.unity.ide.visualstudio from version 2.0.17 to 2.0.18
  com.unity.test-framework from version 1.1.31 to 1.1.33
  com.unity.timeline from version 1.6.4 to 1.7.4
